  Building Custom Rule C:/Projects/mcx/src/CMakeLists.txt
  CMake is re-running because C:/Projects/mcx/src/CMakeFiles/generate.stamp dependency file is missing.
  CMake Deprecation Warning at CMakeLists.txt:14 (cmake_minimum_required):
    Compatibility with CMake < 3.5 will be removed from a future version of
    CMake.
  
    Update the VERSION argument <min> value or use a ...<max> suffix to tell
    CMake that the project does not need compatibility with older versions.
  
  
  CMake Warning (dev) at CMakeLists.txt:18 (find_package):
    Policy CMP0146 is not set: The FindCUDA module is removed.  Run "cmake
    --help-policy CMP0146" for policy details.  Use the cmake_policy command to
    set the policy and suppress this warning.
  
  This warning is for project developers.  Use -Wno-dev to suppress it.
  
  CMake Deprecation Warning at zmat/CMakeLists.txt:7 (cmake_minimum_required):
    Compatibility with CMake < 3.5 will be removed from a future version of
    CMake.
  
    Update the VERSION argument <min> value or use a ...<max> suffix to tell
    CMake that the project does not need compatibility with older versions.
  
  
  CMake Error at C:/Program Files/CMake/share/cmake-3.30/Modules/FindPackageHandleStandardArgs.cmake:233 (message):
  -- Configuring incomplete, errors occurred!
    Could NOT find ZLIB (missing: ZLIB_LIBRARY) (found version "1.2.3")
  Call Stack (most recent call first):
    C:/Program Files/CMake/share/cmake-3.30/Modules/FindPackageHandleStandardArgs.cmake:603 (_FPHSA_FAILURE_MESSAGE)
    C:/Program Files/CMake/share/cmake-3.30/Modules/FindZLIB.cmake:202 (FIND_PACKAGE_HANDLE_STANDARD_ARGS)
    zmat/CMakeLists.txt:11 (find_package)
  
  
C:\Program Files\Microsoft Visual Studio\2022\Professional\MSBuild\Microsoft\VC\v170\Microsoft.CppCommon.targets(254,5): error MSB8066: Custom build for 'C:\Projects\mcx\src\CMakeLists.txt' exited with code 1.
