c:\projects\mcx\src\zmat\zmat.dir\release\7zcrc.obj
c:\projects\mcx\src\zmat\zmat.dir\release\alloc.obj
c:\projects\mcx\src\zmat\zmat.dir\release\braia64.obj
c:\projects\mcx\src\zmat\zmat.dir\release\bra.obj
c:\projects\mcx\src\zmat\zmat.dir\release\lzfind.obj
c:\projects\mcx\src\zmat\zmat.dir\release\lzmalib.obj
c:\projects\mcx\src\zmat\zmat.dir\release\lzmadec.obj
c:\projects\mcx\src\zmat\zmat.dir\release\lzmaenc.obj
c:\projects\mcx\src\zmat\zmat.dir\release\common_internal.obj
c:\projects\mcx\src\zmat\zmat.dir\release\lzip_header.obj
c:\projects\mcx\src\zmat\zmat.dir\release\lzma_header.obj
c:\projects\mcx\src\zmat\zmat.dir\release\decompress.obj
c:\projects\mcx\src\zmat\zmat.dir\release\compress.obj
c:\projects\mcx\src\zmat\zmat.dir\release\miniz.obj
c:\projects\mcx\src\zmat\zmat.dir\release\lz4hc.obj
c:\projects\mcx\src\zmat\zmat.dir\release\lz4.obj
c:\projects\mcx\src\zmat\zmat.dir\release\zmatlib.obj
c:\projects\mcx\src\zmat\cmakefiles\generate.stamp
c:\projects\mcx\src\zmat\release\zmat.lib
c:\projects\mcx\src\zmat\zmat.dir\release\zmat.tlog\cl.command.1.tlog
c:\projects\mcx\src\zmat\zmat.dir\release\zmat.tlog\cl.items.tlog
c:\projects\mcx\src\zmat\zmat.dir\release\zmat.tlog\cl.read.1.tlog
c:\projects\mcx\src\zmat\zmat.dir\release\zmat.tlog\cl.write.1.tlog
c:\projects\mcx\src\zmat\zmat.dir\release\zmat.tlog\custombuild.command.1.tlog
c:\projects\mcx\src\zmat\zmat.dir\release\zmat.tlog\custombuild.read.1.tlog
c:\projects\mcx\src\zmat\zmat.dir\release\zmat.tlog\custombuild.write.1.tlog
c:\projects\mcx\src\zmat\zmat.dir\release\zmat.tlog\lib-link.read.1.tlog
c:\projects\mcx\src\zmat\zmat.dir\release\zmat.tlog\lib-link.write.1.tlog
c:\projects\mcx\src\zmat\zmat.dir\release\zmat.tlog\lib.command.1.tlog
