c:\projects\mcx\src\mcx.dir\release\ubjw.obj
c:\projects\mcx\src\mcx.dir\release\cjson.obj
c:\projects\mcx\src\mcx.dir\release\mcx_tictoc.obj
c:\projects\mcx\src\mcx.dir\release\mcx_bench.obj
c:\projects\mcx\src\mcx.dir\release\mcx_shapes.obj
c:\projects\mcx\src\mcx.dir\release\mcx_utils.obj
c:\projects\mcx\src\mcx.dir\release\mcx_mie.obj
c:\projects\mcx\src\cmakefiles\mcx.dir\release\mcx_generated_mcx_core.cu.obj
c:\projects\mcx\src\cmakefiles\generate.stamp
c:\projects\mcx\lib\release\mcx.lib
c:\projects\mcx\src\mcx.dir\release\mcx.tlog\cl.command.1.tlog
c:\projects\mcx\src\mcx.dir\release\mcx.tlog\cl.items.tlog
c:\projects\mcx\src\mcx.dir\release\mcx.tlog\cl.read.1.tlog
c:\projects\mcx\src\mcx.dir\release\mcx.tlog\cl.write.1.tlog
c:\projects\mcx\src\mcx.dir\release\mcx.tlog\custombuild.command.1.tlog
c:\projects\mcx\src\mcx.dir\release\mcx.tlog\custombuild.read.1.tlog
c:\projects\mcx\src\mcx.dir\release\mcx.tlog\custombuild.write.1.tlog
c:\projects\mcx\src\mcx.dir\release\mcx.tlog\lib-link.read.1.tlog
c:\projects\mcx\src\mcx.dir\release\mcx.tlog\lib-link.write.1.tlog
c:\projects\mcx\src\mcx.dir\release\mcx.tlog\lib.command.1.tlog
