c:\projects\mcx\src\zmat\debug\zmat.pdb
c:\projects\mcx\src\zmat\zmat.dir\debug\7zcrc.obj
c:\projects\mcx\src\zmat\zmat.dir\debug\alloc.obj
c:\projects\mcx\src\zmat\zmat.dir\debug\braia64.obj
c:\projects\mcx\src\zmat\zmat.dir\debug\bra.obj
c:\projects\mcx\src\zmat\zmat.dir\debug\lzfind.obj
c:\projects\mcx\src\zmat\zmat.dir\debug\lzmalib.obj
c:\projects\mcx\src\zmat\zmat.dir\debug\lzmadec.obj
c:\projects\mcx\src\zmat\zmat.dir\debug\lzmaenc.obj
c:\projects\mcx\src\zmat\zmat.dir\debug\common_internal.obj
c:\projects\mcx\src\zmat\zmat.dir\debug\lzip_header.obj
c:\projects\mcx\src\zmat\zmat.dir\debug\lzma_header.obj
c:\projects\mcx\src\zmat\zmat.dir\debug\decompress.obj
c:\projects\mcx\src\zmat\zmat.dir\debug\compress.obj
c:\projects\mcx\src\zmat\zmat.dir\debug\miniz.obj
c:\projects\mcx\src\zmat\zmat.dir\debug\lz4hc.obj
c:\projects\mcx\src\zmat\zmat.dir\debug\lz4.obj
c:\projects\mcx\src\zmat\zmat.dir\debug\zmatlib.obj
c:\projects\mcx\src\zmat\cmakefiles\generate.stamp
c:\projects\mcx\src\zmat\debug\zmat.lib
c:\projects\mcx\src\zmat\zmat.dir\debug\zmat.tlog\cl.command.1.tlog
c:\projects\mcx\src\zmat\zmat.dir\debug\zmat.tlog\cl.items.tlog
c:\projects\mcx\src\zmat\zmat.dir\debug\zmat.tlog\cl.read.1.tlog
c:\projects\mcx\src\zmat\zmat.dir\debug\zmat.tlog\cl.write.1.tlog
c:\projects\mcx\src\zmat\zmat.dir\debug\zmat.tlog\custombuild.command.1.tlog
c:\projects\mcx\src\zmat\zmat.dir\debug\zmat.tlog\custombuild.read.1.tlog
c:\projects\mcx\src\zmat\zmat.dir\debug\zmat.tlog\custombuild.write.1.tlog
c:\projects\mcx\src\zmat\zmat.dir\debug\zmat.tlog\lib-link.read.1.tlog
c:\projects\mcx\src\zmat\zmat.dir\debug\zmat.tlog\lib-link.write.1.tlog
c:\projects\mcx\src\zmat\zmat.dir\debug\zmat.tlog\lib.command.1.tlog
