c:\projects\mcx\lib\debug\mcx-matlab.pdb
c:\projects\mcx\src\mcx-matlab.dir\debug\cjson.obj
c:\projects\mcx\src\mcx-matlab.dir\debug\mcx_tictoc.obj
c:\projects\mcx\src\mcx-matlab.dir\debug\mcx_bench.obj
c:\projects\mcx\src\mcx-matlab.dir\debug\mcx_shapes.obj
c:\projects\mcx\src\mcx-matlab.dir\debug\mcx_utils.obj
c:\projects\mcx\src\mcx-matlab.dir\debug\mcx_mie.obj
c:\projects\mcx\src\cmakefiles\mcx-matlab.dir\debug\mcx-matlab_generated_mcx_core.cu.obj
c:\projects\mcx\src\cmakefiles\mcx.dir\debug\mcx_generated_mcx_core.cu.obj
c:\projects\mcx\src\cmakefiles\generate.stamp
c:\projects\mcx\lib\debug\mcx-matlab.lib
c:\projects\mcx\src\mcx-matlab.dir\debug\mcx-matlab.tlog\cl.command.1.tlog
c:\projects\mcx\src\mcx-matlab.dir\debug\mcx-matlab.tlog\cl.items.tlog
c:\projects\mcx\src\mcx-matlab.dir\debug\mcx-matlab.tlog\cl.read.1.tlog
c:\projects\mcx\src\mcx-matlab.dir\debug\mcx-matlab.tlog\cl.write.1.tlog
c:\projects\mcx\src\mcx-matlab.dir\debug\mcx-matlab.tlog\custombuild.command.1.tlog
c:\projects\mcx\src\mcx-matlab.dir\debug\mcx-matlab.tlog\custombuild.read.1.tlog
c:\projects\mcx\src\mcx-matlab.dir\debug\mcx-matlab.tlog\custombuild.write.1.tlog
c:\projects\mcx\src\mcx-matlab.dir\debug\mcx-matlab.tlog\lib-link.read.1.tlog
c:\projects\mcx\src\mcx-matlab.dir\debug\mcx-matlab.tlog\lib-link.write.1.tlog
c:\projects\mcx\src\mcx-matlab.dir\debug\mcx-matlab.tlog\lib.command.1.tlog
